<?xml version="1.0" encoding="UTF-8"?>
<!-- Generated by org.testng.reporters.JUnitXMLReporter -->
<testsuite ignored="0" hostname="DESKTOP-HQ3RC8N" failures="1" tests="1" name="EdgeTest" time="0.232" errors="0" timestamp="2025-08-17T20:06:37 IST">
  <testcase classname="testCases.TC001_RegisterPageTest" name="Test_Login_Registration" time="0.096">
    <failure type="java.lang.AssertionError" message="null">
      <![CDATA[java.lang.AssertionError: null
at testCases.TC001_RegisterPageTest.Test_Login_Registration(TC001_RegisterPageTest.java:51)
at java.base/java.util.ArrayList.forEach(ArrayList.java:1597)
at java.base/java.util.concurrent.FutureTask.run(FutureTask.java:317)
at java.base/java.util.concurrent.ThreadPoolExecutor.runWorker(ThreadPoolExecutor.java:1144)
at java.base/java.util.concurrent.ThreadPoolExecutor$Worker.run(ThreadPoolExecutor.java:642)
at java.base/java.lang.Thread.run(Thread.java:1575)
... Removed 17 stack frames]]>
    </failure>
  </testcase> <!-- Test_Login_Registration -->
</testsuite> <!-- EdgeTest -->
